Laborator09/ngnsip/ngnSIP/build/outputs/logs/manifest-merger-debug-report.txt
-- Merging decision tree log ---
manifest
ADDED from src/main/AndroidManifest.xml:2:1-46:12
	package
		ADDED from src/main/AndroidManifest.xml:3:5-49
		INJECTED from src/main/AndroidManifest.xml
		INJECTED from src/main/AndroidManifest.xml
	android:versionName
		ADDED from src/main/AndroidManifest.xml:5:5-30
		INJECTED from src/main/AndroidManifest.xml
		INJECTED from src/main/AndroidManifest.xml
	android:versionCode
		ADDED from src/main/AndroidManifest.xml:4:5-28
		INJECTED from src/main/AndroidManifest.xml
		INJECTED from src/main/AndroidManifest.xml
	xmlns:android
		ADDED from src/main/AndroidManifest.xml:2:11-69
uses-sdk
ADDED from src/main/AndroidManifest.xml:7:5-9:41
MERGED from [ngnsip:androidngnstack:unspecified] AndroidManifest.xml:7:5-9:41
	android:targetSdkVersion
		ADDED from src/main/AndroidManifest.xml:9:9-38
		INJECTED from src/main/AndroidManifest.xml
		INJECTED from src/main/AndroidManifest.xml
	android:minSdkVersion
		ADDED from src/main/AndroidManifest.xml:8:9-35
		INJECTED from src/main/AndroidManifest.xml
		INJECTED from src/main/AndroidManifest.xml
uses-permission#android.permission.ACCESS_WIFI_STATE
ADDED from src/main/AndroidManifest.xml:11:5-76
MERGED from [ngnsip:androidngnstack:unspecified] AndroidManifest.xml:12:5-76
	android:name
		ADDED from src/main/AndroidManifest.xml:11:22-73
uses-permission#android.permission.ACCESS_NETWORK_STATE
ADDED from src/main/AndroidManifest.xml:12:5-79
MERGED from [ngnsip:androidngnstack:unspecified] AndroidManifest.xml:13:5-79
	android:name
		ADDED from src/main/AndroidManifest.xml:12:22-76
uses-permission#android.permission.CHANGE_WIFI_STATE
ADDED from src/main/AndroidManifest.xml:13:5-76
MERGED from [ngnsip:androidngnstack:unspecified] AndroidManifest.xml:14:5-76
	android:name
		ADDED from src/main/AndroidManifest.xml:13:22-73
uses-permission#android.permission.CHANGE_NETWORK_STATE
ADDED from src/main/AndroidManifest.xml:14:5-79
MERGED from [ngnsip:androidngnstack:unspecified] AndroidManifest.xml:15:5-79
	android:name
		ADDED from src/main/AndroidManifest.xml:14:22-76
uses-permission#android.permission.INTERNET
ADDED from src/main/AndroidManifest.xml:15:5-67
MERGED from [ngnsip:androidngnstack:unspecified] AndroidManifest.xml:11:5-67
	android:name
		ADDED from src/main/AndroidManifest.xml:15:22-64
uses-permission#android.permission.WRITE_EXTERNAL_STORAGE
ADDED from src/main/AndroidManifest.xml:16:5-81
MERGED from [ngnsip:androidngnstack:unspecified] AndroidManifest.xml:16:5-81
	android:name
		ADDED from src/main/AndroidManifest.xml:16:22-78
uses-permission#android.permission.CAMERA
ADDED from src/main/AndroidManifest.xml:17:5-65
MERGED from [ngnsip:androidngnstack:unspecified] AndroidManifest.xml:17:5-65
	android:name
		ADDED from src/main/AndroidManifest.xml:17:22-62
uses-permission#android.permission.WAKE_LOCK
ADDED from src/main/AndroidManifest.xml:18:5-68
MERGED from [ngnsip:androidngnstack:unspecified] AndroidManifest.xml:18:5-68
	android:name
		ADDED from src/main/AndroidManifest.xml:18:22-65
uses-permission#android.permission.RECORD_AUDIO
ADDED from src/main/AndroidManifest.xml:19:5-71
MERGED from [ngnsip:androidngnstack:unspecified] AndroidManifest.xml:19:5-71
	android:name
		ADDED from src/main/AndroidManifest.xml:19:22-68
uses-permission#android.permission.MODIFY_AUDIO_SETTINGS
ADDED from src/main/AndroidManifest.xml:20:5-80
MERGED from [ngnsip:androidngnstack:unspecified] AndroidManifest.xml:20:5-80
MERGED from [ngnsip:androidngnstack:unspecified] AndroidManifest.xml:31:5-80
	android:name
		ADDED from src/main/AndroidManifest.xml:20:22-77
application
ADDED from src/main/AndroidManifest.xml:22:5-44:19
MERGED from [ngnsip:androidngnstack:unspecified] AndroidManifest.xml:43:5-51:19
	android:label
		ADDED from src/main/AndroidManifest.xml:26:9-41
	android:hardwareAccelerated
		ADDED from [ngnsip:androidngnstack:unspecified] AndroidManifest.xml:45:9-43
	android:allowBackup
		ADDED from src/main/AndroidManifest.xml:24:9-35
	android:icon
		ADDED from src/main/AndroidManifest.xml:25:9-45
	android:theme
		ADDED from src/main/AndroidManifest.xml:27:9-40
	android:name
		ADDED from src/main/AndroidManifest.xml:23:9-55
activity#ro.pub.cs.systems.eim.lab09.ngnsip.graphicuserinterface.VoiceCallActivity
ADDED from src/main/AndroidManifest.xml:28:9-35:20
	android:label
		ADDED from src/main/AndroidManifest.xml:30:13-45
	android:name
		ADDED from src/main/AndroidManifest.xml:29:13-67
intent-filter#android.intent.action.MAIN+android.intent.category.LAUNCHER
ADDED from src/main/AndroidManifest.xml:31:13-34:29
action#android.intent.action.MAIN
ADDED from src/main/AndroidManifest.xml:32:17-69
	android:name
		ADDED from src/main/AndroidManifest.xml:32:25-66
category#android.intent.category.LAUNCHER
ADDED from src/main/AndroidManifest.xml:33:17-77
	android:name
		ADDED from src/main/AndroidManifest.xml:33:27-74
activity#ro.pub.cs.systems.eim.lab09.ngnsip.graphicuserinterface.InstantMessagingActivity
ADDED from src/main/AndroidManifest.xml:36:9-43:20
	android:label
		ADDED from src/main/AndroidManifest.xml:38:13-45
	android:name
		ADDED from src/main/AndroidManifest.xml:37:13-74
intent-filter#android.intent.category.DEFAULT+ro.pub.cs.systems.eim.lab09.ngnsip.intent.action.InstantMessagingActivity
ADDED from src/main/AndroidManifest.xml:39:13-42:29
action#ro.pub.cs.systems.eim.lab09.ngnsip.intent.action.InstantMessagingActivity
ADDED from src/main/AndroidManifest.xml:40:17-116
	android:name
		ADDED from src/main/AndroidManifest.xml:40:25-113
category#android.intent.category.DEFAULT
ADDED from src/main/AndroidManifest.xml:41:17-76
	android:name
		ADDED from src/main/AndroidManifest.xml:41:27-73
uses-permission#android.permission.VIBRATE
ADDED from [ngnsip:androidngnstack:unspecified] AndroidManifest.xml:21:5-66
	android:name
		ADDED from [ngnsip:androidngnstack:unspecified] AndroidManifest.xml:21:22-63
uses-permission#android.permission.RECEIVE_BOOT_COMPLETED
ADDED from [ngnsip:androidngnstack:unspecified] AndroidManifest.xml:22:5-81
	android:name
		ADDED from [ngnsip:androidngnstack:unspecified] AndroidManifest.xml:22:22-78
uses-permission#android.permission.WRITE_SETTINGS
ADDED from [ngnsip:androidngnstack:unspecified] AndroidManifest.xml:23:5-73
	android:name
		ADDED from [ngnsip:androidngnstack:unspecified] AndroidManifest.xml:23:22-70
uses-permission#android.permission.DISABLE_KEYGUARD
ADDED from [ngnsip:androidngnstack:unspecified] AndroidManifest.xml:24:5-75
	android:name
		ADDED from [ngnsip:androidngnstack:unspecified] AndroidManifest.xml:24:22-72
uses-permission#android.permission.READ_CONTACTS
ADDED from [ngnsip:androidngnstack:unspecified] AndroidManifest.xml:25:5-72
	android:name
		ADDED from [ngnsip:androidngnstack:unspecified] AndroidManifest.xml:25:22-69
uses-permission#android.permission.WRITE_CONTACTS
ADDED from [ngnsip:androidngnstack:unspecified] AndroidManifest.xml:26:5-73
	android:name
		ADDED from [ngnsip:androidngnstack:unspecified] AndroidManifest.xml:26:22-70
uses-permission#android.permission.READ_PHONE_STATE
ADDED from [ngnsip:androidngnstack:unspecified] AndroidManifest.xml:27:5-75
	android:name
		ADDED from [ngnsip:androidngnstack:unspecified] AndroidManifest.xml:27:22-72
uses-permission#android.permission.PROCESS_OUTGOING_CALLS
ADDED from [ngnsip:androidngnstack:unspecified] AndroidManifest.xml:28:5-81
	android:name
		ADDED from [ngnsip:androidngnstack:unspecified] AndroidManifest.xml:28:22-78
uses-permission#android.permission.CALL_PHONE
ADDED from [ngnsip:androidngnstack:unspecified] AndroidManifest.xml:29:5-69
	android:name
		ADDED from [ngnsip:androidngnstack:unspecified] AndroidManifest.xml:29:22-66
uses-permission#android.permission.RAISED_THREAD_PRIORITY
ADDED from [ngnsip:androidngnstack:unspecified] AndroidManifest.xml:30:5-81
	android:name
		ADDED from [ngnsip:androidngnstack:unspecified] AndroidManifest.xml:30:22-78
uses-feature#0x00020000
ADDED from [ngnsip:androidngnstack:unspecified] AndroidManifest.xml:33:5-35:36
	android:glEsVersion
		ADDED from [ngnsip:androidngnstack:unspecified] AndroidManifest.xml:34:9-41
	android:required
		ADDED from [ngnsip:androidngnstack:unspecified] AndroidManifest.xml:35:9-33
uses-feature#android.hardware.camera
ADDED from [ngnsip:androidngnstack:unspecified] AndroidManifest.xml:36:5-38:36
	android:required
		ADDED from [ngnsip:androidngnstack:unspecified] AndroidManifest.xml:38:9-33
	android:name
		ADDED from [ngnsip:androidngnstack:unspecified] AndroidManifest.xml:37:9-47
uses-feature#android.hardware.audio.low_latency
ADDED from [ngnsip:androidngnstack:unspecified] AndroidManifest.xml:39:5-41:36
	android:required
		ADDED from [ngnsip:androidngnstack:unspecified] AndroidManifest.xml:41:9-33
	android:name
		ADDED from [ngnsip:androidngnstack:unspecified] AndroidManifest.xml:40:9-58
string
ADDED from [ngnsip:androidngnstack:unspecified] AndroidManifest.xml:47:9-48:18
	name
		ADDED from [ngnsip:androidngnstack:unspecified] AndroidManifest.xml:47:17-41
service#org.doubango.ngn.NgnNativeService
ADDED from [ngnsip:androidngnstack:unspecified] AndroidManifest.xml:50:9-69
	android:name
		ADDED from [ngnsip:androidngnstack:unspecified] AndroidManifest.xml:50:18-66
android:uses-permission#android.permission.READ_EXTERNAL_STORAGE
IMPLIED from src/main/AndroidManifest.xml:2:1-46:12 reason: org.doubango.ngn requested WRITE_EXTERNAL_STORAGE
android:uses-permission#android.permission.READ_CALL_LOG
IMPLIED from src/main/AndroidManifest.xml:2:1-46:12 reason: org.doubango.ngn has targetSdkVersion < 16 and requested READ_CONTACTS
android:uses-permission#android.permission.WRITE_CALL_LOG
IMPLIED from src/main/AndroidManifest.xml:2:1-46:12 reason: org.doubango.ngn has targetSdkVersion < 16 and requested WRITE_CONTACTS